[INITIALIZATION][CLIENT][INFO] CraftTweaker: Building registry
[INITIALIZATION][CLIENT][INFO] CraftTweaker: Successfully built item registry
[INITIALIZATION][CLIENT][INFO] Loading scripts
[INITIALIZATION][CLIENT][INFO] [crafttweaker | SIDE_CLIENT]: Loading Script: {[0:crafttweaker]: hardcore.zs}
[INITIALIZATION][CLIENT][ERROR] Null not allowed in shapeless recipes! Recipe for: null not created!
[POSTINITIALIZATION][CLIENT][INFO] Removing all recipes for <ore:plankWood>
[POSTINITIALIZATION][CLIENT][INFO] Adding shapeless recipe for Fir Wood Planks with name ct_shapeless-817043485
[POSTINITIALIZATION][CLIENT][INFO] Adding shapeless recipe for Mango Wood Planks with name ct_shapeless1362275610
[POSTINITIALIZATION][CLIENT][INFO] Adding shapeless recipe for Banana Wood Planks with name ct_shapeless-1837112420
[POSTINITIALIZATION][CLIENT][INFO] Adding shapeless recipe for Coconut Wood Planks with name ct_shapeless-1582375906
[POSTINITIALIZATION][CLIENT][INFO] Adding shapeless recipe for Plum Wood Planks with name ct_shapeless-1327639392
[POSTINITIALIZATION][CLIENT][INFO] Adding shapeless recipe for Lemon Wood Planks with name ct_shapeless-1072902878
[POSTINITIALIZATION][CLIENT][INFO] Adding shapeless recipe for Apple Wood Planks with name ct_shapeless1671855382
[POSTINITIALIZATION][CLIENT][INFO] Adding shapeless recipe for Peach Wood Planks with name ct_shapeless-563459486
[POSTINITIALIZATION][CLIENT][INFO] Adding shapeless recipe for Pear Wood Planks with name ct_shapeless-308722972
[POSTINITIALIZATION][CLIENT][INFO] Adding shapeless recipe for Orange Wood Planks with name ct_shapeless-53986458
[POSTINITIALIZATION][CLIENT][INFO] Adding shapeless recipe for Cherry Wood Planks with name ct_shapeless200750056
[POSTINITIALIZATION][CLIENT][INFO] Adding shapeless recipe for Spruce Wood Planks with name ct_shapeless-1932760029
[POSTINITIALIZATION][CLIENT][INFO] Adding shapeless recipe for Birch Wood Planks with name ct_shapeless-687995517
[POSTINITIALIZATION][CLIENT][INFO] Adding shapeless recipe for Jungle Wood Planks with name ct_shapeless556768995
[POSTINITIALIZATION][CLIENT][INFO] Adding shapeless recipe for Oak Wood Planks with name ct_shapeless-652329917
[POSTINITIALIZATION][CLIENT][INFO] Adding shapeless recipe for Dark Oak Wood Planks with name ct_shapeless-54275787
[POSTINITIALIZATION][CLIENT][INFO] Adding shapeless recipe for Acacia Wood Planks with name ct_shapeless1027945069
[POSTINITIALIZATION][CLIENT][INFO] Adding shapeless recipe for Teak Wood Planks with name ct_shapeless-1930514298
[POSTINITIALIZATION][CLIENT][INFO] Adding shapeless recipe for Desert Acacia Wood Planks with name ct_shapeless287243686
[POSTINITIALIZATION][CLIENT][INFO] Adding shapeless recipe for Lime Wood Planks with name ct_shapeless-1789965626
[POSTINITIALIZATION][CLIENT][INFO] Adding shapeless recipe for Larch Wood Planks with name ct_shapeless1693892582
[POSTINITIALIZATION][CLIENT][INFO] Adding shapeless recipe for Wenge Wood Planks with name ct_shapeless-1649387287
[POSTINITIALIZATION][CLIENT][INFO] Adding shapeless recipe for Baobab Wood Planks with name ct_shapeless568370697
[POSTINITIALIZATION][CLIENT][INFO] Adding shapeless recipe for Sequoia Wood Planks with name ct_shapeless-1508838615
[POSTINITIALIZATION][CLIENT][INFO] Adding shapeless recipe for Chestnut Wood Planks with name ct_shapeless1403795583
[POSTINITIALIZATION][CLIENT][INFO] Adding shapeless recipe for Ebony Wood Planks with name ct_shapeless-1368260276
[POSTINITIALIZATION][CLIENT][INFO] Adding shapeless recipe for Mahogany Wood Planks with name ct_shapeless-330688309
[POSTINITIALIZATION][CLIENT][INFO] Adding shapeless recipe for Balsa Wood Planks with name ct_shapeless1887069675
[POSTINITIALIZATION][CLIENT][INFO] Adding shapeless recipe for Kapok Wood Planks with name ct_shapeless2087886242
[POSTINITIALIZATION][CLIENT][INFO] Adding shapeless recipe for Walnut Wood Planks with name ct_shapeless2027648014
[POSTINITIALIZATION][CLIENT][INFO] Adding shapeless recipe for Greenheart Wood Planks with name ct_shapeless-49561298
[POSTINITIALIZATION][CLIENT][INFO] Adding shapeless recipe for Cherry Wood Planks with name ct_shapeless-2126770610
[POSTINITIALIZATION][CLIENT][INFO] Adding shapeless recipe for Willow Wood Planks with name ct_shapeless750639332
[POSTINITIALIZATION][CLIENT][INFO] Adding shapeless recipe for Poplar Wood Planks with name ct_shapeless-968781117
[POSTINITIALIZATION][CLIENT][INFO] Adding shapeless recipe for Palm Wood Planks with name ct_shapeless1248976867
[POSTINITIALIZATION][CLIENT][INFO] Adding shapeless recipe for Papaya Wood Planks with name ct_shapeless-828232445
[POSTINITIALIZATION][CLIENT][INFO] Adding shapeless recipe for Mahoe Wood Planks with name ct_shapeless-1356310109
[POSTINITIALIZATION][CLIENT][INFO] Adding shapeless recipe for Plum Wood Planks with name ct_shapeless-687654106
[POSTINITIALIZATION][CLIENT][INFO] Adding shapeless recipe for Maple Wood Planks with name ct_shapeless1530103878
[POSTINITIALIZATION][CLIENT][INFO] Adding shapeless recipe for Citrus Wood Planks with name ct_shapeless-547105434
[POSTINITIALIZATION][CLIENT][INFO] Adding shapeless recipe for Pine Wood Planks with name ct_shapeless-673413636
[POSTINITIALIZATION][CLIENT][INFO] Adding shapeless recipe for Ipe Wood Planks with name ct_shapeless-406527095
[POSTINITIALIZATION][CLIENT][INFO] Adding shapeless recipe for Padauk Wood Planks with name ct_shapeless-585305690
[POSTINITIALIZATION][CLIENT][INFO] Adding shapeless recipe for Cocobolo Wood Planks with name ct_shapeless1632452294
[POSTINITIALIZATION][CLIENT][INFO] Adding shapeless recipe for Giant Sequoia Wood Planks with name ct_shapeless10677023
[POSTINITIALIZATION][CLIENT][INFO] Adding shapeless recipe for Zebrawood Wood Planks with name ct_shapeless781659263
[SERVER_STARTED][CLIENT][INFO] Fixed the RecipeBook
